<?xml version="1.0" encoding="utf-8"?><testsuites name="pytest tests"><testsuite name="pytest" errors="0" failures="4" skipped="5" tests="15" time="14.698" timestamp="2026-06-14T10:42:44.461148+00:00" hostname="agent-env-02fce931-39c9-4311-aebe-ea25b8965e82"><testcase classname="backend.tests.test_cr034_subrecipe_recipe_crud.TestCR034SubRecipeRecipeCRUD" name="test_01_get_sub_recipe_list" time="3.555" /><testcase classname="backend.tests.test_cr034_subrecipe_recipe_crud.TestCR034SubRecipeRecipeCRUD" name="test_02_get_inventory_master" time="0.896"><failure message="AssertionError: Failed to get inventory master: {&quot;message&quot;:&quot;&quot;,&quot;exception&quot;:&quot;Symfony\\Component\\HttpKernel\\Exception\\NotFoundHttpException&quot;,&quot;file&quot;:&quot;/var/www/html/vendor/laravel/framework/src/Illuminate/Routing/AbstractRouteCollection.php&quot;,&quot;line&quot;:43,&quot;trace&quot;:[{&quot;file&quot;:&quot;/var/www/html/vendor/laravel/framework/src/Illuminate/Routing/RouteCollection.php&quot;,&quot;line&quot;:162,&quot;function&quot;:&quot;handleMatchedRoute&quot;,&quot;class&quot;:&quot;Illuminate\\Routing\\AbstractRouteCollection&quot;,&quot;type&quot;:&quot;-&gt;&quot;},{&quot;file&quot;:&quot;/var/www/html/vendor/laravel/framework/src/Illuminate/Routing/Router.php&quot;,&quot;line&quot;:673,&quot;function&quot;:&quot;match&quot;,&quot;class&quot;:&quot;Illuminate\\Routing\\RouteCollection&quot;,&quot;type&quot;:&quot;-&gt;&quot;},{&quot;file&quot;:&quot;/var/www/html/vendor/laravel/framework/src/Illuminate/Routing/Router.php&quot;,&quot;line&quot;:662,&quot;function&quot;:&quot;findRoute&quot;,&quot;class&quot;:&quot;Illuminate\\Routing\\Router&quot;,&quot;type&quot;:&quot;-&gt;&quot;},{&quot;file&quot;:&quot;/var/www/html/vendor/laravel/framework/src/Illuminate/Routing/Router.php&quot;,&quot;line&quot;:651,&quot;function&quot;:&quot;dispatchToRoute&quot;,&quot;class&quot;:&quot;Illuminate\\Routing\\Router&quot;,&quot;type&quot;:&quot;-&gt;&quot;},{&quot;file&quot;:&quot;/var/www/html/vendor/laravel/framework/src/Illuminate/Foundation/Http/Kernel.php&quot;,&quot;line&quot;:167,&quot;function&quot;:&quot;dispatch&quot;,&quot;class&quot;:&quot;Illuminate\\Routing\\Router&quot;,&quot;type&quot;:&quot;-&gt;&quot;},{&quot;file&quot;:&quot;/var/www/html/vendor/laravel/framework/src/Illuminate/Pipeline/Pipeline.php&quot;,&quot;line&quot;:128,&quot;function&quot;:&quot;Illuminate\\Foundation\\Http\\{closure}&quot;,&quot;class&quot;:&quot;Illuminate\\Foundation\\Http\\Kernel&quot;,&quot;type&quot;:&quot;-&gt;&quot;},{&quot;file&quot;:&quot;/var/www/html/vendor/barryvdh/laravel-debugbar/src/Middleware/InjectDebugbar.php&quot;,&quot;line&quot;:66,&quot;function&quot;:&quot;Illuminate\\Pipeline\\{closure}&quot;,&quot;class&quot;:&quot;Illuminate\\Pipeline\\Pipeline&quot;,&quot;type&quot;:&quot;-&gt;&quot;},{&quot;file&quot;:&quot;/var/www/html/vendor/laravel/framework/src/Illuminate/Pipeline/Pipeline.php&quot;,&quot;line&quot;:167,&quot;function&quot;:&quot;handle&quot;,&quot;class&quot;:&quot;Barryvdh\\Debugbar\\Middleware\\InjectDebugbar&quot;,&quot;type&quot;:&quot;-&gt;&quot;},{&quot;file&quot;:&quot;/var/www/html/vendor/laravel/framework/src/Illuminate/Foundation/Http/Middleware/TransformsRequest.php&quot;,&quot;line&quot;:21,&quot;function&quot;:&quot;Illuminate\\Pipeline\\{closure}&quot;,&quot;class&quot;:&quot;Illuminate\\Pipeline\\Pipeline&quot;,&quot;type&quot;:&quot;-&gt;&quot;},{&quot;file&quot;:&quot;/var/www/html/vendor/laravel/framework/src/Illuminate/Foundation/Http/Middleware/ConvertEmptyStringsToNull.php&quot;,&quot;line&quot;:31,&quot;function&quot;:&quot;handle&quot;,&quot;class&quot;:&quot;Illuminate\\Foundation\\Http\\Middleware\\TransformsRequest&quot;,&quot;type&quot;:&quot;-&gt;&quot;},{&quot;file&quot;:&quot;/var/www/html/vendor/laravel/framework/src/Illuminate/Pipeline/Pipeline.php&quot;,&quot;line&quot;:167,&quot;function&quot;:&quot;handle&quot;,&quot;class&quot;:&quot;Illuminate\\Foundation\\Http\\Middleware\\ConvertEmptyStringsToNull&quot;,&quot;type&quot;:&quot;-&gt;&quot;},{&quot;file&quot;:&quot;/var/www/html/vendor/laravel/framework/src/Illuminate/Foundation/Http/Middleware/TransformsRequest.php&quot;,&quot;line&quot;:21,&quot;function&quot;:&quot;Illuminate\\Pipeline\\{closure}&quot;,&quot;class&quot;:&quot;Illuminate\\Pipeline\\Pipeline&quot;,&quot;type&quot;:&quot;-&gt;&quot;},{&quot;file&quot;:&quot;/var/www/html/vendor/laravel/framework/src/Illuminate/Foundation/Http/Middleware/TrimStrings.php&quot;,&quot;line&quot;:40,&quot;function&quot;:&quot;handle&quot;,&quot;class&quot;:&quot;Illuminate\\Foundation\\Http\\Middleware\\TransformsRequest&quot;,&quot;type&quot;:&quot;-&gt;&quot;},{&quot;file&quot;:&quot;/var/www/html/vendor/laravel/framework/src/Illuminate/Pipeline/Pipeline.php&quot;,&quot;line&quot;:167,&quot;function&quot;:&quot;handle&quot;,&quot;class&quot;:&quot;Illuminate\\Foundation\\Http\\Middleware\\TrimStrings&quot;,&quot;type&quot;:&quot;-&gt;&quot;},{&quot;file&quot;:&quot;/var/www/html/vendor/laravel/framework/src/Illuminate/Foundation/Http/Middleware/ValidatePostSize.php&quot;,&quot;line&quot;:27,&quot;function&quot;:&quot;Illuminate\\Pipeline\\{closure}&quot;,&quot;class&quot;:&quot;Illuminate\\Pipeline\\Pipeline&quot;,&quot;type&quot;:&quot;-&gt;&quot;},{&quot;file&quot;:&quot;/var/www/html/vendor/laravel/framework/src/Illuminate/Pipeline/Pipeline.php&quot;,&quot;line&quot;:167,&quot;function&quot;:&quot;handle&quot;,&quot;class&quot;:&quot;Illuminate\\Foundation\\Http\\Middleware\\ValidatePostSize&quot;,&quot;type&quot;:&quot;-&gt;&quot;},{&quot;file&quot;:&quot;/var/www/html/vendor/laravel/framework/src/Illuminate/Foundation/Http/Middleware/PreventRequestsDuringMaintenance.php&quot;,&quot;line&quot;:86,&quot;function&quot;:&quot;Illuminate\\Pipeline\\{closure}&quot;,&quot;class&quot;:&quot;Illuminate\\Pipeline\\Pipeline&quot;,&quot;type&quot;:&quot;-&gt;&quot;},{&quot;file&quot;:&quot;/var/www/html/vendor/laravel/framework/src/Illuminate/Pipeline/Pipeline.php&quot;,&quot;line&quot;:167,&quot;function&quot;:&quot;handle&quot;,&quot;class&quot;:&quot;Illuminate\\Foundation\\Http\\Middleware\\PreventRequestsDuringMaintenance&quot;,&quot;type&quot;:&quot;-&gt;&quot;},{&quot;file&quot;:&quot;/var/www/html/vendor/fideloper/proxy/src/TrustProxies.php&quot;,&quot;line&quot;:57,&quot;function&quot;:&quot;Illuminate\\Pipeline\\{closure}&quot;,&quot;class&quot;:&quot;Illuminate\\Pipeline\\Pipeline&quot;,&quot;type&quot;:&quot;-&gt;&quot;},{&quot;file&quot;:&quot;/var/www/html/vendor/laravel/framework/src/Illuminate/Pipeline/Pipeline.php&quot;,&quot;line&quot;:167,&quot;function&quot;:&quot;handle&quot;,&quot;class&quot;:&quot;Fideloper\\Proxy\\TrustProxies&quot;,&quot;type&quot;:&quot;-&gt;&quot;},{&quot;file&quot;:&quot;/var/www/html/vendor/laravel/framework/src/Illuminate/Pipeline/Pipeline.php&quot;,&quot;line&quot;:103,&quot;function&quot;:&quot;Illuminate\\Pipeline\\{closure}&quot;,&quot;class&quot;:&quot;Illuminate\\Pipeline\\Pipeline&quot;,&quot;type&quot;:&quot;-&gt;&quot;},{&quot;file&quot;:&quot;/var/www/html/vendor/laravel/framework/src/Illuminate/Foundation/Http/Kernel.php&quot;,&quot;line&quot;:142,&quot;function&quot;:&quot;then&quot;,&quot;class&quot;:&quot;Illuminate\\Pipeline\\Pipeline&quot;,&quot;type&quot;:&quot;-&gt;&quot;},{&quot;file&quot;:&quot;/var/www/html/vendor/laravel/framework/src/Illuminate/Foundation/Http/Kernel.php&quot;,&quot;line&quot;:111,&quot;function&quot;:&quot;sendRequestThroughRouter&quot;,&quot;class&quot;:&quot;Illuminate\\Foundation\\Http\\Kernel&quot;,&quot;type&quot;:&quot;-&gt;&quot;},{&quot;file&quot;:&quot;/var/www/html/public/index.php&quot;,&quot;line&quot;:52,&quot;function&quot;:&quot;handle&quot;,&quot;class&quot;:&quot;Illuminate\\Foundation\\Http\\Kernel&quot;,&quot;type&quot;:&quot;-&gt;&quot;}]}&#10;assert 404 == 200&#10; +  where 404 = &lt;Response [404]&gt;.status_code">backend/tests/test_cr034_subrecipe_recipe_crud.py:62: in test_02_get_inventory_master
    assert response.status_code == 200, f"Failed to get inventory master: {response.text}"
E   AssertionError: Failed to get inventory master: {"message":"","exception":"Symfony\\Component\\HttpKernel\\Exception\\NotFoundHttpException","file":"/var/www/html/vendor/laravel/framework/src/Illuminate/Routing/AbstractRouteCollection.php","line":43,"trace":[{"file":"/var/www/html/vendor/laravel/framework/src/Illuminate/Routing/RouteCollection.php","line":162,"function":"handleMatchedRoute","class":"Illuminate\\Routing\\AbstractRouteCollection","type":"-&gt;"},{"file":"/var/www/html/vendor/laravel/framework/src/Illuminate/Routing/Router.php","line":673,"function":"match","class":"Illuminate\\Routing\\RouteCollection","type":"-&gt;"},{"file":"/var/www/html/vendor/laravel/framework/src/Illuminate/Routing/Router.php","line":662,"function":"findRoute","class":"Illuminate\\Routing\\Router","type":"-&gt;"},{"file":"/var/www/html/vendor/laravel/framework/src/Illuminate/Routing/Router.php","line":651,"function":"dispatchToRoute","class":"Illuminate\\Routing\\Router","type":"-&gt;"},{"file":"/var/www/html/vendor/laravel/framework/src/Illuminate/Foundation/Http/Kernel.php","line":167,"function":"dispatch","class":"Illuminate\\Routing\\Router","type":"-&gt;"},{"file":"/var/www/html/vendor/laravel/framework/src/Illuminate/Pipeline/Pipeline.php","line":128,"function":"Illuminate\\Foundation\\Http\\{closure}","class":"Illuminate\\Foundation\\Http\\Kernel","type":"-&gt;"},{"file":"/var/www/html/vendor/barryvdh/laravel-debugbar/src/Middleware/InjectDebugbar.php","line":66,"function":"Illuminate\\Pipeline\\{closure}","class":"Illuminate\\Pipeline\\Pipeline","type":"-&gt;"},{"file":"/var/www/html/vendor/laravel/framework/src/Illuminate/Pipeline/Pipeline.php","line":167,"function":"handle","class":"Barryvdh\\Debugbar\\Middleware\\InjectDebugbar","type":"-&gt;"},{"file":"/var/www/html/vendor/laravel/framework/src/Illuminate/Foundation/Http/Middleware/TransformsRequest.php","line":21,"function":"Illuminate\\Pipeline\\{closure}","class":"Illuminate\\Pipeline\\Pipeline","type":"-&gt;"},{"file":"/var/www/html/vendor/laravel/framework/src/Illuminate/Foundation/Http/Middleware/ConvertEmptyStringsToNull.php","line":31,"function":"handle","class":"Illuminate\\Foundation\\Http\\Middleware\\TransformsRequest","type":"-&gt;"},{"file":"/var/www/html/vendor/laravel/framework/src/Illuminate/Pipeline/Pipeline.php","line":167,"function":"handle","class":"Illuminate\\Foundation\\Http\\Middleware\\ConvertEmptyStringsToNull","type":"-&gt;"},{"file":"/var/www/html/vendor/laravel/framework/src/Illuminate/Foundation/Http/Middleware/TransformsRequest.php","line":21,"function":"Illuminate\\Pipeline\\{closure}","class":"Illuminate\\Pipeline\\Pipeline","type":"-&gt;"},{"file":"/var/www/html/vendor/laravel/framework/src/Illuminate/Foundation/Http/Middleware/TrimStrings.php","line":40,"function":"handle","class":"Illuminate\\Foundation\\Http\\Middleware\\TransformsRequest","type":"-&gt;"},{"file":"/var/www/html/vendor/laravel/framework/src/Illuminate/Pipeline/Pipeline.php","line":167,"function":"handle","class":"Illuminate\\Foundation\\Http\\Middleware\\TrimStrings","type":"-&gt;"},{"file":"/var/www/html/vendor/laravel/framework/src/Illuminate/Foundation/Http/Middleware/ValidatePostSize.php","line":27,"function":"Illuminate\\Pipeline\\{closure}","class":"Illuminate\\Pipeline\\Pipeline","type":"-&gt;"},{"file":"/var/www/html/vendor/laravel/framework/src/Illuminate/Pipeline/Pipeline.php","line":167,"function":"handle","class":"Illuminate\\Foundation\\Http\\Middleware\\ValidatePostSize","type":"-&gt;"},{"file":"/var/www/html/vendor/laravel/framework/src/Illuminate/Foundation/Http/Middleware/PreventRequestsDuringMaintenance.php","line":86,"function":"Illuminate\\Pipeline\\{closure}","class":"Illuminate\\Pipeline\\Pipeline","type":"-&gt;"},{"file":"/var/www/html/vendor/laravel/framework/src/Illuminate/Pipeline/Pipeline.php","line":167,"function":"handle","class":"Illuminate\\Foundation\\Http\\Middleware\\PreventRequestsDuringMaintenance","type":"-&gt;"},{"file":"/var/www/html/vendor/fideloper/proxy/src/TrustProxies.php","line":57,"function":"Illuminate\\Pipeline\\{closure}","class":"Illuminate\\Pipeline\\Pipeline","type":"-&gt;"},{"file":"/var/www/html/vendor/laravel/framework/src/Illuminate/Pipeline/Pipeline.php","line":167,"function":"handle","class":"Fideloper\\Proxy\\TrustProxies","type":"-&gt;"},{"file":"/var/www/html/vendor/laravel/framework/src/Illuminate/Pipeline/Pipeline.php","line":103,"function":"Illuminate\\Pipeline\\{closure}","class":"Illuminate\\Pipeline\\Pipeline","type":"-&gt;"},{"file":"/var/www/html/vendor/laravel/framework/src/Illuminate/Foundation/Http/Kernel.php","line":142,"function":"then","class":"Illuminate\\Pipeline\\Pipeline","type":"-&gt;"},{"file":"/var/www/html/vendor/laravel/framework/src/Illuminate/Foundation/Http/Kernel.php","line":111,"function":"sendRequestThroughRouter","class":"Illuminate\\Foundation\\Http\\Kernel","type":"-&gt;"},{"file":"/var/www/html/public/index.php","line":52,"function":"handle","class":"Illuminate\\Foundation\\Http\\Kernel","type":"-&gt;"}]}
E   assert 404 == 200
E    +  where 404 = &lt;Response [404]&gt;.status_code</failure></testcase><testcase classname="backend.tests.test_cr034_subrecipe_recipe_crud.TestCR034SubRecipeRecipeCRUD" name="test_03_create_sub_recipe" time="0.497"><skipped type="pytest.skip" message="No inventory items available for ingredient selection">/app/backend/tests/test_cr034_subrecipe_recipe_crud.py:78: No inventory items available for ingredient selection</skipped></testcase><testcase classname="backend.tests.test_cr034_subrecipe_recipe_crud.TestCR034SubRecipeRecipeCRUD" name="test_04_verify_sub_recipe_created" time="0.492" /><testcase classname="backend.tests.test_cr034_subrecipe_recipe_crud.TestCR034SubRecipeRecipeCRUD" name="test_05_update_sub_recipe" time="1.051"><skipped type="pytest.skip" message="Test sub-recipe not found - skipping update test">/app/backend/tests/test_cr034_subrecipe_recipe_crud.py:138: Test sub-recipe not found - skipping update test</skipped></testcase><testcase classname="backend.tests.test_cr034_subrecipe_recipe_crud.TestCR034SubRecipeRecipeCRUD" name="test_06_delete_sub_recipe" time="0.511"><skipped type="pytest.skip" message="Test sub-recipe not found - skipping delete test">/app/backend/tests/test_cr034_subrecipe_recipe_crud.py:175: Test sub-recipe not found - skipping delete test</skipped></testcase><testcase classname="backend.tests.test_cr034_subrecipe_recipe_crud.TestCR034SubRecipeRecipeCRUD" name="test_07_verify_sub_recipe_deleted" time="1.041" /><testcase classname="backend.tests.test_cr034_subrecipe_recipe_crud.TestCR034SubRecipeRecipeCRUD" name="test_08_get_recipe_list" time="0.515" /><testcase classname="backend.tests.test_cr034_subrecipe_recipe_crud.TestCR034SubRecipeRecipeCRUD" name="test_09_get_foods_list" time="0.993"><failure message="AssertionError: Failed to get foods: {&quot;message&quot;:&quot;&quot;,&quot;exception&quot;:&quot;Symfony\\Component\\HttpKernel\\Exception\\NotFoundHttpException&quot;,&quot;file&quot;:&quot;/var/www/html/vendor/laravel/framework/src/Illuminate/Routing/AbstractRouteCollection.php&quot;,&quot;line&quot;:43,&quot;trace&quot;:[{&quot;file&quot;:&quot;/var/www/html/vendor/laravel/framework/src/Illuminate/Routing/RouteCollection.php&quot;,&quot;line&quot;:162,&quot;function&quot;:&quot;handleMatchedRoute&quot;,&quot;class&quot;:&quot;Illuminate\\Routing\\AbstractRouteCollection&quot;,&quot;type&quot;:&quot;-&gt;&quot;},{&quot;file&quot;:&quot;/var/www/html/vendor/laravel/framework/src/Illuminate/Routing/Router.php&quot;,&quot;line&quot;:673,&quot;function&quot;:&quot;match&quot;,&quot;class&quot;:&quot;Illuminate\\Routing\\RouteCollection&quot;,&quot;type&quot;:&quot;-&gt;&quot;},{&quot;file&quot;:&quot;/var/www/html/vendor/laravel/framework/src/Illuminate/Routing/Router.php&quot;,&quot;line&quot;:662,&quot;function&quot;:&quot;findRoute&quot;,&quot;class&quot;:&quot;Illuminate\\Routing\\Router&quot;,&quot;type&quot;:&quot;-&gt;&quot;},{&quot;file&quot;:&quot;/var/www/html/vendor/laravel/framework/src/Illuminate/Routing/Router.php&quot;,&quot;line&quot;:651,&quot;function&quot;:&quot;dispatchToRoute&quot;,&quot;class&quot;:&quot;Illuminate\\Routing\\Router&quot;,&quot;type&quot;:&quot;-&gt;&quot;},{&quot;file&quot;:&quot;/var/www/html/vendor/laravel/framework/src/Illuminate/Foundation/Http/Kernel.php&quot;,&quot;line&quot;:167,&quot;function&quot;:&quot;dispatch&quot;,&quot;class&quot;:&quot;Illuminate\\Routing\\Router&quot;,&quot;type&quot;:&quot;-&gt;&quot;},{&quot;file&quot;:&quot;/var/www/html/vendor/laravel/framework/src/Illuminate/Pipeline/Pipeline.php&quot;,&quot;line&quot;:128,&quot;function&quot;:&quot;Illuminate\\Foundation\\Http\\{closure}&quot;,&quot;class&quot;:&quot;Illuminate\\Foundation\\Http\\Kernel&quot;,&quot;type&quot;:&quot;-&gt;&quot;},{&quot;file&quot;:&quot;/var/www/html/vendor/barryvdh/laravel-debugbar/src/Middleware/InjectDebugbar.php&quot;,&quot;line&quot;:66,&quot;function&quot;:&quot;Illuminate\\Pipeline\\{closure}&quot;,&quot;class&quot;:&quot;Illuminate\\Pipeline\\Pipeline&quot;,&quot;type&quot;:&quot;-&gt;&quot;},{&quot;file&quot;:&quot;/var/www/html/vendor/laravel/framework/src/Illuminate/Pipeline/Pipeline.php&quot;,&quot;line&quot;:167,&quot;function&quot;:&quot;handle&quot;,&quot;class&quot;:&quot;Barryvdh\\Debugbar\\Middleware\\InjectDebugbar&quot;,&quot;type&quot;:&quot;-&gt;&quot;},{&quot;file&quot;:&quot;/var/www/html/vendor/laravel/framework/src/Illuminate/Foundation/Http/Middleware/TransformsRequest.php&quot;,&quot;line&quot;:21,&quot;function&quot;:&quot;Illuminate\\Pipeline\\{closure}&quot;,&quot;class&quot;:&quot;Illuminate\\Pipeline\\Pipeline&quot;,&quot;type&quot;:&quot;-&gt;&quot;},{&quot;file&quot;:&quot;/var/www/html/vendor/laravel/framework/src/Illuminate/Foundation/Http/Middleware/ConvertEmptyStringsToNull.php&quot;,&quot;line&quot;:31,&quot;function&quot;:&quot;handle&quot;,&quot;class&quot;:&quot;Illuminate\\Foundation\\Http\\Middleware\\TransformsRequest&quot;,&quot;type&quot;:&quot;-&gt;&quot;},{&quot;file&quot;:&quot;/var/www/html/vendor/laravel/framework/src/Illuminate/Pipeline/Pipeline.php&quot;,&quot;line&quot;:167,&quot;function&quot;:&quot;handle&quot;,&quot;class&quot;:&quot;Illuminate\\Foundation\\Http\\Middleware\\ConvertEmptyStringsToNull&quot;,&quot;type&quot;:&quot;-&gt;&quot;},{&quot;file&quot;:&quot;/var/www/html/vendor/laravel/framework/src/Illuminate/Foundation/Http/Middleware/TransformsRequest.php&quot;,&quot;line&quot;:21,&quot;function&quot;:&quot;Illuminate\\Pipeline\\{closure}&quot;,&quot;class&quot;:&quot;Illuminate\\Pipeline\\Pipeline&quot;,&quot;type&quot;:&quot;-&gt;&quot;},{&quot;file&quot;:&quot;/var/www/html/vendor/laravel/framework/src/Illuminate/Foundation/Http/Middleware/TrimStrings.php&quot;,&quot;line&quot;:40,&quot;function&quot;:&quot;handle&quot;,&quot;class&quot;:&quot;Illuminate\\Foundation\\Http\\Middleware\\TransformsRequest&quot;,&quot;type&quot;:&quot;-&gt;&quot;},{&quot;file&quot;:&quot;/var/www/html/vendor/laravel/framework/src/Illuminate/Pipeline/Pipeline.php&quot;,&quot;line&quot;:167,&quot;function&quot;:&quot;handle&quot;,&quot;class&quot;:&quot;Illuminate\\Foundation\\Http\\Middleware\\TrimStrings&quot;,&quot;type&quot;:&quot;-&gt;&quot;},{&quot;file&quot;:&quot;/var/www/html/vendor/laravel/framework/src/Illuminate/Foundation/Http/Middleware/ValidatePostSize.php&quot;,&quot;line&quot;:27,&quot;function&quot;:&quot;Illuminate\\Pipeline\\{closure}&quot;,&quot;class&quot;:&quot;Illuminate\\Pipeline\\Pipeline&quot;,&quot;type&quot;:&quot;-&gt;&quot;},{&quot;file&quot;:&quot;/var/www/html/vendor/laravel/framework/src/Illuminate/Pipeline/Pipeline.php&quot;,&quot;line&quot;:167,&quot;function&quot;:&quot;handle&quot;,&quot;class&quot;:&quot;Illuminate\\Foundation\\Http\\Middleware\\ValidatePostSize&quot;,&quot;type&quot;:&quot;-&gt;&quot;},{&quot;file&quot;:&quot;/var/www/html/vendor/laravel/framework/src/Illuminate/Foundation/Http/Middleware/PreventRequestsDuringMaintenance.php&quot;,&quot;line&quot;:86,&quot;function&quot;:&quot;Illuminate\\Pipeline\\{closure}&quot;,&quot;class&quot;:&quot;Illuminate\\Pipeline\\Pipeline&quot;,&quot;type&quot;:&quot;-&gt;&quot;},{&quot;file&quot;:&quot;/var/www/html/vendor/laravel/framework/src/Illuminate/Pipeline/Pipeline.php&quot;,&quot;line&quot;:167,&quot;function&quot;:&quot;handle&quot;,&quot;class&quot;:&quot;Illuminate\\Foundation\\Http\\Middleware\\PreventRequestsDuringMaintenance&quot;,&quot;type&quot;:&quot;-&gt;&quot;},{&quot;file&quot;:&quot;/var/www/html/vendor/fideloper/proxy/src/TrustProxies.php&quot;,&quot;line&quot;:57,&quot;function&quot;:&quot;Illuminate\\Pipeline\\{closure}&quot;,&quot;class&quot;:&quot;Illuminate\\Pipeline\\Pipeline&quot;,&quot;type&quot;:&quot;-&gt;&quot;},{&quot;file&quot;:&quot;/var/www/html/vendor/laravel/framework/src/Illuminate/Pipeline/Pipeline.php&quot;,&quot;line&quot;:167,&quot;function&quot;:&quot;handle&quot;,&quot;class&quot;:&quot;Fideloper\\Proxy\\TrustProxies&quot;,&quot;type&quot;:&quot;-&gt;&quot;},{&quot;file&quot;:&quot;/var/www/html/vendor/laravel/framework/src/Illuminate/Pipeline/Pipeline.php&quot;,&quot;line&quot;:103,&quot;function&quot;:&quot;Illuminate\\Pipeline\\{closure}&quot;,&quot;class&quot;:&quot;Illuminate\\Pipeline\\Pipeline&quot;,&quot;type&quot;:&quot;-&gt;&quot;},{&quot;file&quot;:&quot;/var/www/html/vendor/laravel/framework/src/Illuminate/Foundation/Http/Kernel.php&quot;,&quot;line&quot;:142,&quot;function&quot;:&quot;then&quot;,&quot;class&quot;:&quot;Illuminate\\Pipeline\\Pipeline&quot;,&quot;type&quot;:&quot;-&gt;&quot;},{&quot;file&quot;:&quot;/var/www/html/vendor/laravel/framework/src/Illuminate/Foundation/Http/Kernel.php&quot;,&quot;line&quot;:111,&quot;function&quot;:&quot;sendRequestThroughRouter&quot;,&quot;class&quot;:&quot;Illuminate\\Foundation\\Http\\Kernel&quot;,&quot;type&quot;:&quot;-&gt;&quot;},{&quot;file&quot;:&quot;/var/www/html/public/index.php&quot;,&quot;line&quot;:52,&quot;function&quot;:&quot;handle&quot;,&quot;class&quot;:&quot;Illuminate\\Foundation\\Http\\Kernel&quot;,&quot;type&quot;:&quot;-&gt;&quot;}]}&#10;assert 404 == 200&#10; +  where 404 = &lt;Response [404]&gt;.status_code">backend/tests/test_cr034_subrecipe_recipe_crud.py:208: in test_09_get_foods_list
    assert response.status_code == 200, f"Failed to get foods: {response.text}"
E   AssertionError: Failed to get foods: {"message":"","exception":"Symfony\\Component\\HttpKernel\\Exception\\NotFoundHttpException","file":"/var/www/html/vendor/laravel/framework/src/Illuminate/Routing/AbstractRouteCollection.php","line":43,"trace":[{"file":"/var/www/html/vendor/laravel/framework/src/Illuminate/Routing/RouteCollection.php","line":162,"function":"handleMatchedRoute","class":"Illuminate\\Routing\\AbstractRouteCollection","type":"-&gt;"},{"file":"/var/www/html/vendor/laravel/framework/src/Illuminate/Routing/Router.php","line":673,"function":"match","class":"Illuminate\\Routing\\RouteCollection","type":"-&gt;"},{"file":"/var/www/html/vendor/laravel/framework/src/Illuminate/Routing/Router.php","line":662,"function":"findRoute","class":"Illuminate\\Routing\\Router","type":"-&gt;"},{"file":"/var/www/html/vendor/laravel/framework/src/Illuminate/Routing/Router.php","line":651,"function":"dispatchToRoute","class":"Illuminate\\Routing\\Router","type":"-&gt;"},{"file":"/var/www/html/vendor/laravel/framework/src/Illuminate/Foundation/Http/Kernel.php","line":167,"function":"dispatch","class":"Illuminate\\Routing\\Router","type":"-&gt;"},{"file":"/var/www/html/vendor/laravel/framework/src/Illuminate/Pipeline/Pipeline.php","line":128,"function":"Illuminate\\Foundation\\Http\\{closure}","class":"Illuminate\\Foundation\\Http\\Kernel","type":"-&gt;"},{"file":"/var/www/html/vendor/barryvdh/laravel-debugbar/src/Middleware/InjectDebugbar.php","line":66,"function":"Illuminate\\Pipeline\\{closure}","class":"Illuminate\\Pipeline\\Pipeline","type":"-&gt;"},{"file":"/var/www/html/vendor/laravel/framework/src/Illuminate/Pipeline/Pipeline.php","line":167,"function":"handle","class":"Barryvdh\\Debugbar\\Middleware\\InjectDebugbar","type":"-&gt;"},{"file":"/var/www/html/vendor/laravel/framework/src/Illuminate/Foundation/Http/Middleware/TransformsRequest.php","line":21,"function":"Illuminate\\Pipeline\\{closure}","class":"Illuminate\\Pipeline\\Pipeline","type":"-&gt;"},{"file":"/var/www/html/vendor/laravel/framework/src/Illuminate/Foundation/Http/Middleware/ConvertEmptyStringsToNull.php","line":31,"function":"handle","class":"Illuminate\\Foundation\\Http\\Middleware\\TransformsRequest","type":"-&gt;"},{"file":"/var/www/html/vendor/laravel/framework/src/Illuminate/Pipeline/Pipeline.php","line":167,"function":"handle","class":"Illuminate\\Foundation\\Http\\Middleware\\ConvertEmptyStringsToNull","type":"-&gt;"},{"file":"/var/www/html/vendor/laravel/framework/src/Illuminate/Foundation/Http/Middleware/TransformsRequest.php","line":21,"function":"Illuminate\\Pipeline\\{closure}","class":"Illuminate\\Pipeline\\Pipeline","type":"-&gt;"},{"file":"/var/www/html/vendor/laravel/framework/src/Illuminate/Foundation/Http/Middleware/TrimStrings.php","line":40,"function":"handle","class":"Illuminate\\Foundation\\Http\\Middleware\\TransformsRequest","type":"-&gt;"},{"file":"/var/www/html/vendor/laravel/framework/src/Illuminate/Pipeline/Pipeline.php","line":167,"function":"handle","class":"Illuminate\\Foundation\\Http\\Middleware\\TrimStrings","type":"-&gt;"},{"file":"/var/www/html/vendor/laravel/framework/src/Illuminate/Foundation/Http/Middleware/ValidatePostSize.php","line":27,"function":"Illuminate\\Pipeline\\{closure}","class":"Illuminate\\Pipeline\\Pipeline","type":"-&gt;"},{"file":"/var/www/html/vendor/laravel/framework/src/Illuminate/Pipeline/Pipeline.php","line":167,"function":"handle","class":"Illuminate\\Foundation\\Http\\Middleware\\ValidatePostSize","type":"-&gt;"},{"file":"/var/www/html/vendor/laravel/framework/src/Illuminate/Foundation/Http/Middleware/PreventRequestsDuringMaintenance.php","line":86,"function":"Illuminate\\Pipeline\\{closure}","class":"Illuminate\\Pipeline\\Pipeline","type":"-&gt;"},{"file":"/var/www/html/vendor/laravel/framework/src/Illuminate/Pipeline/Pipeline.php","line":167,"function":"handle","class":"Illuminate\\Foundation\\Http\\Middleware\\PreventRequestsDuringMaintenance","type":"-&gt;"},{"file":"/var/www/html/vendor/fideloper/proxy/src/TrustProxies.php","line":57,"function":"Illuminate\\Pipeline\\{closure}","class":"Illuminate\\Pipeline\\Pipeline","type":"-&gt;"},{"file":"/var/www/html/vendor/laravel/framework/src/Illuminate/Pipeline/Pipeline.php","line":167,"function":"handle","class":"Fideloper\\Proxy\\TrustProxies","type":"-&gt;"},{"file":"/var/www/html/vendor/laravel/framework/src/Illuminate/Pipeline/Pipeline.php","line":103,"function":"Illuminate\\Pipeline\\{closure}","class":"Illuminate\\Pipeline\\Pipeline","type":"-&gt;"},{"file":"/var/www/html/vendor/laravel/framework/src/Illuminate/Foundation/Http/Kernel.php","line":142,"function":"then","class":"Illuminate\\Pipeline\\Pipeline","type":"-&gt;"},{"file":"/var/www/html/vendor/laravel/framework/src/Illuminate/Foundation/Http/Kernel.php","line":111,"function":"sendRequestThroughRouter","class":"Illuminate\\Foundation\\Http\\Kernel","type":"-&gt;"},{"file":"/var/www/html/public/index.php","line":52,"function":"handle","class":"Illuminate\\Foundation\\Http\\Kernel","type":"-&gt;"}]}
E   assert 404 == 200
E    +  where 404 = &lt;Response [404]&gt;.status_code</failure></testcase><testcase classname="backend.tests.test_cr034_subrecipe_recipe_crud.TestCR034SubRecipeRecipeCRUD" name="test_10_create_food_for_recipe" time="0.514"><failure message="AttributeError: 'list' object has no attribute 'get'">backend/tests/test_cr034_subrecipe_recipe_crud.py:219: in test_10_create_food_for_recipe
    categories = cat_data.get("categories", cat_data if isinstance(cat_data, list) else [])
                 ^^^^^^^^^^^^
E   AttributeError: 'list' object has no attribute 'get'</failure></testcase><testcase classname="backend.tests.test_cr034_subrecipe_recipe_crud.TestCR034SubRecipeRecipeCRUD" name="test_11_create_recipe" time="0.981"><skipped type="pytest.skip" message="No foods available for recipe creation">/app/backend/tests/test_cr034_subrecipe_recipe_crud.py:266: No foods available for recipe creation</skipped></testcase><testcase classname="backend.tests.test_cr034_subrecipe_recipe_crud.TestCR034SubRecipeRecipeCRUD" name="test_12_verify_recipe_created" time="0.617" /><testcase classname="backend.tests.test_cr034_subrecipe_recipe_crud.TestCR034SubRecipeRecipeCRUD" name="test_13_update_recipe" time="1.874"><failure message="AssertionError: Failed to update recipe: {&quot;message&quot;:&quot;The given data was invalid.&quot;,&quot;errors&quot;:{&quot;name&quot;:[&quot;The name field is required.&quot;],&quot;ingredients&quot;:[&quot;The ingredients field is required.&quot;]}}&#10;assert 422 == 200&#10; +  where 422 = &lt;Response [422]&gt;.status_code">backend/tests/test_cr034_subrecipe_recipe_crud.py:361: in test_13_update_recipe
    assert response.status_code == 200, f"Failed to update recipe: {response.text}"
E   AssertionError: Failed to update recipe: {"message":"The given data was invalid.","errors":{"name":["The name field is required."],"ingredients":["The ingredients field is required."]}}
E   assert 422 == 200
E    +  where 422 = &lt;Response [422]&gt;.status_code</failure></testcase><testcase classname="backend.tests.test_cr034_subrecipe_recipe_crud.TestCR034SubRecipeRecipeCRUD" name="test_14_delete_recipe" time="0.465"><skipped type="pytest.skip" message="Test recipe not found - skipping delete test">/app/backend/tests/test_cr034_subrecipe_recipe_crud.py:373: Test recipe not found - skipping delete test</skipped></testcase><testcase classname="backend.tests.test_cr034_subrecipe_recipe_crud.TestCR034SubRecipeRecipeCRUD" name="test_15_cleanup_test_food" time="0.484" /></testsuite></testsuites>