<?xml version="1.0" encoding="utf-8"?><testsuites name="pytest tests"><testsuite name="pytest" errors="0" failures="0" skipped="0" tests="15" time="51.460" timestamp="2026-06-14T12:13:44.637570+00:00" hostname="agent-env-02fce931-39c9-4311-aebe-ea25b8965e82"><testcase classname="backend.tests.test_cr034_api_verification.TestCR034APIVerification" name="test_api_1_subrecipe_create_uses_sub_recipe_name" time="3.760" /><testcase classname="backend.tests.test_cr034_api_verification.TestCR034APIVerification" name="test_api_2_subrecipe_create_uses_subunit" time="2.846" /><testcase classname="backend.tests.test_cr034_api_verification.TestCR034APIVerification" name="test_api_3_subrecipe_create_uses_ingredient_singular" time="2.871" /><testcase classname="backend.tests.test_cr034_api_verification.TestCR034APIVerification" name="test_api_4_subrecipe_update_uses_ingredients_plural" time="4.120" /><testcase classname="backend.tests.test_cr034_api_verification.TestCR034APIVerification" name="test_api_5_subrecipe_ingredient_format" time="2.772" /><testcase classname="backend.tests.test_cr034_api_verification.TestCR034APIVerification" name="test_api_6_subrecipe_update_serve_time" time="3.755" /><testcase classname="backend.tests.test_cr034_api_verification.TestCR034APIVerification" name="test_api_7_recipe_create_name_is_food_id" time="3.823" /><testcase classname="backend.tests.test_cr034_api_verification.TestCR034APIVerification" name="test_api_8_recipe_create_preparation_time_spelling" time="3.661" /><testcase classname="backend.tests.test_cr034_api_verification.TestCR034APIVerification" name="test_api_9_recipe_create_serves_people_spelling" time="4.356" /><testcase classname="backend.tests.test_cr034_api_verification.TestCR034APIVerification" name="test_api_10_recipe_delete_with_reason" time="4.686" /><testcase classname="backend.tests.test_cr034_api_verification.TestCR034APIVerification" name="test_api_11_po_create_ordered_qty_unit" time="3.956" /><testcase classname="backend.tests.test_cr034_api_verification.TestCR034APIVerification" name="test_api_12_po_receive_lines_field" time="1.778" /><testcase classname="backend.tests.test_cr034_api_verification.TestCR034APIVerification" name="test_api_13_transfer_source_selector_format" time="2.835" /><testcase classname="backend.tests.test_cr034_api_verification.TestCR034APIVerification" name="test_api_14_production_run_complete" time="2.832" /><testcase classname="backend.tests.test_cr034_api_verification.TestCR034APIVerification" name="test_api_15_po_receive_adds_stock" time="3.341" /></testsuite></testsuites>