<?xml version="1.0" encoding="utf-8"?><testsuites name="pytest tests"><testsuite name="pytest" errors="0" failures="0" skipped="0" tests="10" time="9.233" timestamp="2026-05-20T06:22:07.444860+00:00" hostname="agent-env-fec856fa-9563-4b9f-a94c-443ead3978cb"><testcase classname="backend.tests.test_central_inventory_api.TestHealthCheck" name="test_api_root" time="0.127" /><testcase classname="backend.tests.test_central_inventory_api.TestAuthentication" name="test_login_success" time="0.807" /><testcase classname="backend.tests.test_central_inventory_api.TestAuthentication" name="test_login_invalid_credentials" time="1.648" /><testcase classname="backend.tests.test_central_inventory_api.TestHierarchyAPIs" name="test_hierarchy_summary_master_stores" time="1.860" /><testcase classname="backend.tests.test_central_inventory_api.TestHierarchyAPIs" name="test_hierarchy_summary_outlets" time="0.569" /><testcase classname="backend.tests.test_central_inventory_api.TestHierarchyAPIs" name="test_hierarchy_detail_with_store_id" time="0.716" /><testcase classname="backend.tests.test_central_inventory_api.TestPendingQueuesAPI" name="test_pending_queues" time="1.369" /><testcase classname="backend.tests.test_central_inventory_api.TestTransferAPI" name="test_transfer_detail_not_found" time="1.806" /><testcase classname="backend.tests.test_central_inventory_api.TestStatusEndpoint" name="test_create_status_check" time="0.119" /><testcase classname="backend.tests.test_central_inventory_api.TestStatusEndpoint" name="test_get_status_checks" time="0.104" /></testsuite></testsuites>