<?xml version="1.0" encoding="utf-8"?><testsuites name="pytest tests"><testsuite name="pytest" errors="0" failures="0" skipped="0" tests="10" time="26.850" timestamp="2026-05-26T07:25:06.282734+00:00" hostname="agent-env-ca120e5f-1c69-485a-9dd7-09bce6a2474a"><testcase classname="backend.tests.test_p12_p14_contract.TestP12P14Contract" name="test_01_request_sources_returns_sources" time="3.340" /><testcase classname="backend.tests.test_p12_p14_contract.TestP12P14Contract" name="test_02_request_catalog_returns_items" time="2.208" /><testcase classname="backend.tests.test_p12_p14_contract.TestP12P14Contract" name="test_03_request_without_source_selector_succeeds" time="2.026" /><testcase classname="backend.tests.test_p12_p14_contract.TestP12P14Contract" name="test_04_request_with_source_selector_backward_compat" time="2.902" /><testcase classname="backend.tests.test_p12_p14_contract.TestP12P14Contract" name="test_05_approve_no_selector_request_succeeds" time="5.609" /><testcase classname="backend.tests.test_p12_p14_contract.TestP12P14Contract" name="test_06_dispatch_auto_fefo_on_no_selector_request" time="3.433" /><testcase classname="backend.tests.test_p12_p14_contract.TestP12P14Contract" name="test_07_full_lifecycle_without_source_selector" time="4.091" /><testcase classname="backend.tests.test_p12_p14_contract.TestPendingQueuesAndHistory" name="test_pending_queues_loads" time="1.864" /><testcase classname="backend.tests.test_p12_p14_contract.TestPendingQueuesAndHistory" name="test_transfer_history_loads" time="0.571" /><testcase classname="backend.tests.test_p12_p14_contract.TestPendingQueuesAndHistory" name="test_hierarchy_summary_loads" time="0.630" /></testsuite></testsuites>