<?xml version="1.0" encoding="utf-8"?><testsuites name="pytest tests"><testsuite name="pytest" errors="0" failures="0" skipped="0" tests="20" time="0.498" timestamp="2026-05-26T19:20:13.475200+00:00" hostname="agent-env-86c2dfb3-7492-41cf-a87a-f621570d2bcd"><testcase classname="backend.tests.test_p16_lifecycle.TestBackendProxyHealth" name="test_api_root_returns_proxy_message" time="0.332" /><testcase classname="backend.tests.test_p16_lifecycle.TestTransferActionMatrix" name="test_requested_status_source_actions" time="0.000" /><testcase classname="backend.tests.test_p16_lifecycle.TestTransferActionMatrix" name="test_partially_approved_status_source_actions" time="0.000" /><testcase classname="backend.tests.test_p16_lifecycle.TestTransferActionMatrix" name="test_dispatched_with_hold_source_actions" time="0.000" /><testcase classname="backend.tests.test_p16_lifecycle.TestTransferActionMatrix" name="test_partially_received_source_actions" time="0.000" /><testcase classname="backend.tests.test_p16_lifecycle.TestTransferActionMatrix" name="test_receive_dispute_pending_source_actions" time="0.000" /><testcase classname="backend.tests.test_p16_lifecycle.TestTransferActionMatrix" name="test_terminal_statuses_no_actions" time="0.000" /><testcase classname="backend.tests.test_p16_lifecycle.TestAPIServiceLayer" name="test_approve_transfer_partial_payload_structure" time="0.000" /><testcase classname="backend.tests.test_p16_lifecycle.TestAPIServiceLayer" name="test_cancel_remainder_accepts_line_ids" time="0.000" /><testcase classname="backend.tests.test_p16_lifecycle.TestLineNormalization" name="test_line_normalization_fields" time="0.000" /><testcase classname="backend.tests.test_p16_lifecycle.TestLineNormalization" name="test_line_status_derivation" time="0.000" /><testcase classname="backend.tests.test_p16_lifecycle.TestTerminologyConfig" name="test_line_status_config_includes_p16_statuses" time="0.000" /><testcase classname="backend.tests.test_p16_lifecycle.TestPendingQueuesFilter" name="test_ready_to_dispatch_includes_partial_statuses" time="0.000" /><testcase classname="backend.tests.test_p16_lifecycle.TestPendingQueuesFilter" name="test_refresh_button_exists" time="0.000" /><testcase classname="backend.tests.test_p16_lifecycle.TestHistoryLedger" name="test_received_qty_uses_accepted_qty" time="0.000" /><testcase classname="backend.tests.test_p16_lifecycle.TestHistoryLedger" name="test_store_names_fallback_to_type_mapping" time="0.000" /><testcase classname="backend.tests.test_p16_lifecycle.TestStatusTimeline" name="test_partially_approved_step_renders" time="0.000" /><testcase classname="backend.tests.test_p16_lifecycle.TestApproveWaveDialog" name="test_approvable_lines_filter" time="0.000" /><testcase classname="backend.tests.test_p16_lifecycle.TestTransferDetailComponents" name="test_line_status_badge_renders_p16_statuses" time="0.000" /><testcase classname="backend.tests.test_p16_lifecycle.TestTransferDetailComponents" name="test_line_qty_breakdown_renders_fields" time="0.000" /></testsuite></testsuites>