<?xml version="1.0" encoding="utf-8"?><testsuites name="pytest tests"><testsuite name="pytest" errors="0" failures="0" skipped="0" tests="14" time="22.280" timestamp="2026-05-27T12:58:26.250673+00:00" hostname="agent-env-86c2dfb3-7492-41cf-a87a-f621570d2bcd"><testcase classname="backend.tests.test_p17_p18_p19_features.TestBackendHealth" name="test_api_health" time="0.284" /><testcase classname="backend.tests.test_p17_p18_p19_features.TestMasterLogin" name="test_master_login_success" time="3.220" /><testcase classname="backend.tests.test_p17_p18_p19_features.TestCentralLogin" name="test_central_login_success" time="1.646" /><testcase classname="backend.tests.test_p17_p18_p19_features.TestFranchiseLogin" name="test_franchise_login_success" time="1.414" /><testcase classname="backend.tests.test_p17_p18_p19_features.TestOperationalSettingsMaster" name="test_get_settings_master" time="2.215" /><testcase classname="backend.tests.test_p17_p18_p19_features.TestOperationalSettingsMaster" name="test_update_setting_reserve_on_approve" time="2.439" /><testcase classname="backend.tests.test_p17_p18_p19_features.TestVendorManagementMaster" name="test_get_vendors_master" time="0.787" /><testcase classname="backend.tests.test_p17_p18_p19_features.TestVendorManagementMaster" name="test_create_vendor_master" time="1.046" /><testcase classname="backend.tests.test_p17_p18_p19_features.TestVendorManagementMaster" name="test_update_vendor_master" time="1.691" /><testcase classname="backend.tests.test_p17_p18_p19_features.TestVendorManagementMaster" name="test_delete_vendor_master" time="1.095" /><testcase classname="backend.tests.test_p17_p18_p19_features.TestVendorManagementCentral" name="test_get_vendors_central_blocked" time="1.792" /><testcase classname="backend.tests.test_p17_p18_p19_features.TestVendorManagementFranchise" name="test_get_vendors_franchise_blocked" time="2.147" /><testcase classname="backend.tests.test_p17_p18_p19_features.TestInventoryMaster" name="test_get_inventory_master" time="0.693" /><testcase classname="backend.tests.test_p17_p18_p19_features.TestAddStockPurchase" name="test_add_stock_purchase_master" time="1.717" /></testsuite></testsuites>