<?xml version="1.0" encoding="utf-8"?><testsuites name="pytest tests"><testsuite name="pytest" errors="0" failures="0" skipped="0" tests="32" time="26.155" timestamp="2026-05-27T09:20:05.283957+00:00" hostname="agent-env-86c2dfb3-7492-41cf-a87a-f621570d2bcd"><testcase classname="backend.tests.test_p17_lifecycle.TestBackendProxyHealth" name="test_api_root_returns_proxy_message" time="0.308" /><testcase classname="backend.tests.test_p17_lifecycle.TestAuthentication" name="test_login_central_user" time="2.668" /><testcase classname="backend.tests.test_p17_lifecycle.TestAuthentication" name="test_login_franchise_user" time="1.736" /><testcase classname="backend.tests.test_p17_lifecycle.TestP17APIEndpoints" name="test_amend_endpoint_exists" time="2.436" /><testcase classname="backend.tests.test_p17_lifecycle.TestP17APIEndpoints" name="test_withdraw_endpoint_exists" time="2.292" /><testcase classname="backend.tests.test_p17_lifecycle.TestP17APIEndpoints" name="test_modification_endpoint_exists" time="2.522" /><testcase classname="backend.tests.test_p17_lifecycle.TestTransferDetails" name="test_withdrawn_transfer_details" time="2.824" /><testcase classname="backend.tests.test_p17_lifecycle.TestTransferDetails" name="test_modification_transfer_has_parent_id" time="2.392" /><testcase classname="backend.tests.test_p17_lifecycle.TestPendingQueues" name="test_franchise_my_requests_queue" time="2.230" /><testcase classname="backend.tests.test_p17_lifecycle.TestPendingQueues" name="test_central_approval_pending_queue" time="2.030" /><testcase classname="backend.tests.test_p17_lifecycle.TestTransferHistory" name="test_history_includes_all_types" time="2.306" /><testcase classname="backend.tests.test_p17_lifecycle.TestRequestCatalog" name="test_request_catalog_returns_items" time="2.238" /><testcase classname="backend.tests.test_p17_lifecycle.TestTransferActionMatrix" name="test_amend_withdraw_only_on_requested_request_type" time="0.000" /><testcase classname="backend.tests.test_p17_lifecycle.TestTransferActionMatrix" name="test_modification_on_post_approval_statuses" time="0.000" /><testcase classname="backend.tests.test_p17_lifecycle.TestTransferActionMatrix" name="test_withdrawn_is_terminal" time="0.000" /><testcase classname="backend.tests.test_p17_lifecycle.TestTerminologyConfig" name="test_withdrawn_status_config_exists" time="0.000" /><testcase classname="backend.tests.test_p17_lifecycle.TestTerminologyConfig" name="test_type_labels_includes_modification_request" time="0.000" /><testcase classname="backend.tests.test_p17_lifecycle.TestStatusTimeline" name="test_withdrawn_branch_step" time="0.000" /><testcase classname="backend.tests.test_p17_lifecycle.TestStatusTimeline" name="test_withdrawn_step_ring_color" time="0.000" /><testcase classname="backend.tests.test_p17_lifecycle.TestItemEditorDialog" name="test_item_editor_dialog_exists" time="0.000" /><testcase classname="backend.tests.test_p17_lifecycle.TestItemEditorDialog" name="test_item_editor_loads_catalog" time="0.000" /><testcase classname="backend.tests.test_p17_lifecycle.TestItemEditorDialog" name="test_item_editor_seeds_from_existing_lines" time="0.000" /><testcase classname="backend.tests.test_p17_lifecycle.TestTransferDetailP17" name="test_parent_transfer_link_renders" time="0.000" /><testcase classname="backend.tests.test_p17_lifecycle.TestTransferDetailP17" name="test_amend_handler_exists" time="0.000" /><testcase classname="backend.tests.test_p17_lifecycle.TestTransferDetailP17" name="test_withdraw_handler_exists" time="0.000" /><testcase classname="backend.tests.test_p17_lifecycle.TestTransferDetailP17" name="test_modification_handler_exists" time="0.000" /><testcase classname="backend.tests.test_p17_lifecycle.TestPendingQueuesP17" name="test_modification_type_badge_renders" time="0.000" /><testcase classname="backend.tests.test_p17_lifecycle.TestHistoryLedgerP17" name="test_type_labels_used_in_history" time="0.000" /><testcase classname="backend.tests.test_p17_lifecycle.TestAPIServiceLayer" name="test_amend_request_method_exists" time="0.000" /><testcase classname="backend.tests.test_p17_lifecycle.TestAPIServiceLayer" name="test_withdraw_request_method_exists" time="0.000" /><testcase classname="backend.tests.test_p17_lifecycle.TestAPIServiceLayer" name="test_request_modification_method_exists" time="0.000" /><testcase classname="backend.tests.test_p17_lifecycle.TestAPIServiceLayer" name="test_enrich_transfer_meta_adds_p17_fields" time="0.000" /></testsuite></testsuites>