<?xml version="1.0" encoding="utf-8"?><testsuites name="pytest tests"><testsuite name="pytest" errors="0" failures="0" skipped="0" tests="11" time="23.755" timestamp="2026-05-27T14:53:17.243097+00:00" hostname="agent-env-196e60a9-8678-433f-b047-90d9830d6312"><testcase classname="backend.tests.test_p20_stock_inventory.TestP20BackendHealth" name="test_api_root_returns_200" time="0.218" /><testcase classname="backend.tests.test_p20_stock_inventory.TestP20MasterLogin" name="test_master_login_success" time="2.255" /><testcase classname="backend.tests.test_p20_stock_inventory.TestP20MasterLogin" name="test_master_stock_inventory_returns_200" time="3.845" /><testcase classname="backend.tests.test_p20_stock_inventory.TestP20MasterLogin" name="test_master_stock_inventory_data_structure" time="2.243" /><testcase classname="backend.tests.test_p20_stock_inventory.TestP20CentralLogin" name="test_central_login_success" time="1.664" /><testcase classname="backend.tests.test_p20_stock_inventory.TestP20CentralLogin" name="test_central_stock_inventory_returns_200" time="3.163" /><testcase classname="backend.tests.test_p20_stock_inventory.TestP20CentralLogin" name="test_central_has_low_stock_items" time="2.492" /><testcase classname="backend.tests.test_p20_stock_inventory.TestP20FranchiseLogin" name="test_franchise_login_success" time="1.165" /><testcase classname="backend.tests.test_p20_stock_inventory.TestP20FranchiseLogin" name="test_franchise_stock_inventory_returns_200" time="2.352" /><testcase classname="backend.tests.test_p20_stock_inventory.TestP20FranchiseLogin" name="test_franchise_all_items_ok" time="1.897" /><testcase classname="backend.tests.test_p20_stock_inventory.TestP20DataNormalization" name="test_quantity_fields_are_numeric" time="2.296" /></testsuite></testsuites>