<?xml version="1.0" encoding="utf-8"?><testsuites name="pytest tests"><testsuite name="pytest" errors="0" failures="0" skipped="0" tests="30" time="17.347" timestamp="2026-05-28T15:36:20.777527+00:00" hostname="agent-env-196e60a9-8678-433f-b047-90d9830d6312"><testcase classname="backend.tests.test_p21_catalogue_gaps.TestFoodCategoriesCRUD" name="test_gap_a1_get_food_categories" time="2.244" /><testcase classname="backend.tests.test_p21_catalogue_gaps.TestFoodCategoriesCRUD" name="test_gap_a2_create_food_category" time="0.521" /><testcase classname="backend.tests.test_p21_catalogue_gaps.TestFoodCategoriesCRUD" name="test_gap_a3_verify_category_in_list" time="0.533" /><testcase classname="backend.tests.test_p21_catalogue_gaps.TestFoodCategoriesCRUD" name="test_gap_a4_update_food_category" time="0.516" /><testcase classname="backend.tests.test_p21_catalogue_gaps.TestFoodCategoriesCRUD" name="test_gap_a5_verify_update_persisted" time="0.538" /><testcase classname="backend.tests.test_p21_catalogue_gaps.TestFoodCategoriesCRUD" name="test_gap_a6_duplicate_category_error" time="0.477" /><testcase classname="backend.tests.test_p21_catalogue_gaps.TestFoodCategoriesCRUD" name="test_gap_a7_delete_food_category" time="0.502" /><testcase classname="backend.tests.test_p21_catalogue_gaps.TestFoodCategoriesCRUD" name="test_gap_a8_verify_deletion" time="0.548" /><testcase classname="backend.tests.test_p21_catalogue_gaps.TestAddonsCRUD" name="test_gap_b1_get_addon_list" time="0.517" /><testcase classname="backend.tests.test_p21_catalogue_gaps.TestAddonsCRUD" name="test_gap_b2_create_addon" time="0.507" /><testcase classname="backend.tests.test_p21_catalogue_gaps.TestAddonsCRUD" name="test_gap_b3_verify_addon_in_list" time="0.495" /><testcase classname="backend.tests.test_p21_catalogue_gaps.TestAddonsCRUD" name="test_gap_b4_update_addon" time="0.517" /><testcase classname="backend.tests.test_p21_catalogue_gaps.TestAddonsCRUD" name="test_gap_b5_verify_update_persisted" time="0.493" /><testcase classname="backend.tests.test_p21_catalogue_gaps.TestAddonsCRUD" name="test_gap_b6_duplicate_addon_error" time="0.528" /><testcase classname="backend.tests.test_p21_catalogue_gaps.TestAddonsCRUD" name="test_gap_b7_addon_validation_error" time="0.477" /><testcase classname="backend.tests.test_p21_catalogue_gaps.TestAddonsCRUD" name="test_gap_b8_delete_addon" time="0.476" /><testcase classname="backend.tests.test_p21_catalogue_gaps.TestAddonsCRUD" name="test_gap_b9_verify_deletion" time="0.476" /><testcase classname="backend.tests.test_p21_catalogue_gaps.TestIngredientRename" name="test_gap_c1_get_stock_inventory" time="0.625" /><testcase classname="backend.tests.test_p21_catalogue_gaps.TestIngredientRename" name="test_gap_c2_update_ingredient_with_stock_title" time="0.485" /><testcase classname="backend.tests.test_p21_catalogue_gaps.TestIngredientRename" name="test_gap_c3_verify_rename_persisted" time="0.557" /><testcase classname="backend.tests.test_p21_catalogue_gaps.TestIngredientRename" name="test_gap_c4_revert_ingredient_name" time="0.525" /><testcase classname="backend.tests.test_p21_catalogue_gaps.TestIngredientRename" name="test_gap_c5_verify_revert" time="0.585" /><testcase classname="backend.tests.test_p21_catalogue_gaps.TestRegression" name="test_regression_1_recipe_list" time="0.524" /><testcase classname="backend.tests.test_p21_catalogue_gaps.TestRegression" name="test_regression_2_addon_recipe_list" time="0.500" /><testcase classname="backend.tests.test_p21_catalogue_gaps.TestRegression" name="test_regression_3_operations_hub" time="0.579" /><testcase classname="backend.tests.test_p21_catalogue_gaps.TestRegression" name="test_regression_4_foods_list" time="0.508" /><testcase classname="backend.tests.test_p21_catalogue_gaps.TestErrorHandling" name="test_update_nonexistent_category" time="0.519" /><testcase classname="backend.tests.test_p21_catalogue_gaps.TestErrorHandling" name="test_delete_nonexistent_category" time="0.489" /><testcase classname="backend.tests.test_p21_catalogue_gaps.TestErrorHandling" name="test_update_nonexistent_addon" time="0.502" /><testcase classname="backend.tests.test_p21_catalogue_gaps.TestErrorHandling" name="test_delete_nonexistent_addon" time="0.484" /></testsuite></testsuites>