<?xml version="1.0" encoding="utf-8"?><testsuites name="pytest tests"><testsuite name="pytest" errors="0" failures="0" skipped="0" tests="19" time="16.856" timestamp="2026-05-28T14:03:50.489510+00:00" hostname="agent-env-196e60a9-8678-433f-b047-90d9830d6312"><testcase classname="backend.tests.test_p21_catalogue.TestP21InventoryCatalogue" name="test_get_stock_item_categories_returns_200" time="2.785" /><testcase classname="backend.tests.test_p21_catalogue.TestP21InventoryCatalogue" name="test_stock_item_categories_has_expected_categories" time="0.569" /><testcase classname="backend.tests.test_p21_catalogue.TestP21ProductCatalogue" name="test_get_foods_list_returns_200" time="0.592" /><testcase classname="backend.tests.test_p21_catalogue.TestP21ProductCatalogue" name="test_foods_list_has_expected_items" time="0.551" /><testcase classname="backend.tests.test_p21_catalogue.TestP21ProductCatalogue" name="test_get_food_categories_returns_200" time="0.599" /><testcase classname="backend.tests.test_p21_catalogue.TestP21ProductCatalogue" name="test_get_addon_list_returns_200" time="0.571" /><testcase classname="backend.tests.test_p21_catalogue.TestP21RecipeCatalogue" name="test_get_recipe_list_returns_200" time="0.623" /><testcase classname="backend.tests.test_p21_catalogue.TestP21RecipeCatalogue" name="test_recipe_list_has_expected_recipes" time="0.662" /><testcase classname="backend.tests.test_p21_catalogue.TestP21RecipeCatalogue" name="test_get_sub_recipe_list_returns_200" time="0.638" /><testcase classname="backend.tests.test_p21_catalogue.TestP21AddonRecipeCatalogue" name="test_get_addon_recipe_list_returns_200" time="0.919" /><testcase classname="backend.tests.test_p21_catalogue.TestP21AddonRecipeCatalogue" name="test_addon_recipe_has_expected_data" time="0.577" /><testcase classname="backend.tests.test_p21_catalogue.TestP21StockInventory" name="test_get_stock_inventory_returns_200" time="0.622" /><testcase classname="backend.tests.test_p21_catalogue.TestP21StockInventory" name="test_stock_inventory_has_4_ingredients" time="0.603" /><testcase classname="backend.tests.test_p21_catalogue.TestP21NoRegression" name="test_operations_hub_api_still_works" time="0.533" /><testcase classname="backend.tests.test_p21_catalogue.TestP21NoRegression" name="test_stock_inventory_api_still_works" time="0.746" /><testcase classname="backend.tests.test_p21_catalogue.TestP21RoleAccess" name="test_central_can_access_stock_inventory" time="1.943" /><testcase classname="backend.tests.test_p21_catalogue.TestP21RoleAccess" name="test_franchise_can_access_stock_inventory" time="1.945" /><testcase classname="backend.tests.test_p21_catalogue.TestP21RoleAccess" name="test_central_can_access_recipes" time="0.602" /><testcase classname="backend.tests.test_p21_catalogue.TestP21RoleAccess" name="test_franchise_can_access_recipes" time="0.582" /></testsuite></testsuites>