<?xml version="1.0" encoding="utf-8"?><testsuites name="pytest tests"><testsuite name="pytest" errors="0" failures="0" skipped="0" tests="5" time="2.442" timestamp="2026-05-30T17:07:05.600727+00:00" hostname="agent-env-a3a276a2-fdf3-47af-b9d6-c2da2994a65d"><testcase classname="backend.tests.test_p24_stock_detail.TestP24StockDetailProxy" name="test_stock_detail_proxy_route_exists" time="0.849" /><testcase classname="backend.tests.test_p24_stock_detail.TestP24StockDetailProxy" name="test_stock_detail_proxy_with_query_params" time="0.647" /><testcase classname="backend.tests.test_p24_stock_detail.TestP24StockDetailProxy" name="test_stock_inventory_list_proxy_exists" time="0.566" /><testcase classname="backend.tests.test_p24_stock_detail.TestP24BackendHealth" name="test_api_root" time="0.106" /><testcase classname="backend.tests.test_p24_stock_detail.TestP24BackendHealth" name="test_status_endpoint" time="0.127" /></testsuite></testsuites>