<?xml version="1.0" encoding="utf-8"?><testsuites name="pytest tests"><testsuite name="pytest" errors="0" failures="0" skipped="0" tests="7" time="6.322" timestamp="2026-05-30T19:39:25.629252+00:00" hostname="agent-env-a3a276a2-fdf3-47af-b9d6-c2da2994a65d"><testcase classname="backend.tests.test_p25_wastage_report.TestP25WastageReasons" name="test_wastage_reasons_returns_array" time="2.637" /><testcase classname="backend.tests.test_p25_wastage_report.TestP25WastageReasons" name="test_wastage_reasons_contains_expected_values" time="0.565" /><testcase classname="backend.tests.test_p25_wastage_report.TestP25WastageReport" name="test_wastage_report_with_date_range" time="0.616" /><testcase classname="backend.tests.test_p25_wastage_report.TestP25WastageReport" name="test_wastage_report_has_batch_filter" time="0.680" /><testcase classname="backend.tests.test_p25_wastage_report.TestP25WastageReport" name="test_wastage_report_waste_type_filter" time="0.569" /><testcase classname="backend.tests.test_p25_wastage_report.TestP25WastageReport" name="test_wastage_report_gain_filter" time="0.597" /><testcase classname="backend.tests.test_p25_wastage_report.TestP25WastageReport" name="test_wastage_report_summary_fields" time="0.588" /></testsuite></testsuites>