<?xml version="1.0" encoding="utf-8"?><testsuites name="pytest tests"><testsuite name="pytest" errors="0" failures="0" skipped="0" tests="10" time="10.182" timestamp="2026-05-23T07:47:56.813811+00:00" hostname="agent-env-f698986a-5953-439b-92a3-ddb62628eb69"><testcase classname="backend.tests.test_central_inventory_api.TestHealthCheck" name="test_api_root" time="0.118" /><testcase classname="backend.tests.test_central_inventory_api.TestAuthentication" name="test_login_success" time="1.444" /><testcase classname="backend.tests.test_central_inventory_api.TestAuthentication" name="test_login_invalid_credentials" time="1.020" /><testcase classname="backend.tests.test_central_inventory_api.TestHierarchyAPIs" name="test_hierarchy_summary_master_stores" time="2.488" /><testcase classname="backend.tests.test_central_inventory_api.TestHierarchyAPIs" name="test_hierarchy_summary_outlets" time="1.202" /><testcase classname="backend.tests.test_central_inventory_api.TestHierarchyAPIs" name="test_hierarchy_detail_with_store_id" time="1.277" /><testcase classname="backend.tests.test_central_inventory_api.TestPendingQueuesAPI" name="test_pending_queues" time="0.883" /><testcase classname="backend.tests.test_central_inventory_api.TestTransferAPI" name="test_transfer_detail_not_found" time="1.393" /><testcase classname="backend.tests.test_central_inventory_api.TestStatusEndpoint" name="test_create_status_check" time="0.118" /><testcase classname="backend.tests.test_central_inventory_api.TestStatusEndpoint" name="test_get_status_checks" time="0.106" /></testsuite></testsuites>