<?xml version="1.0" encoding="utf-8"?><testsuites name="pytest tests"><testsuite name="pytest" errors="0" failures="0" skipped="0" tests="10" time="12.652" timestamp="2026-05-19T04:57:30.236124+00:00" hostname="agent-env-72bf7bf3-92c8-4afe-934f-2a464ef8f2d3"><testcase classname="tests.test_central_inventory_api.TestHealthCheck" name="test_api_root" time="0.256" /><testcase classname="tests.test_central_inventory_api.TestAuthentication" name="test_login_success" time="2.410" /><testcase classname="tests.test_central_inventory_api.TestAuthentication" name="test_login_invalid_credentials" time="1.538" /><testcase classname="tests.test_central_inventory_api.TestHierarchyAPIs" name="test_hierarchy_summary_master_stores" time="2.625" /><testcase classname="tests.test_central_inventory_api.TestHierarchyAPIs" name="test_hierarchy_summary_outlets" time="1.237" /><testcase classname="tests.test_central_inventory_api.TestHierarchyAPIs" name="test_hierarchy_detail_with_store_id" time="1.236" /><testcase classname="tests.test_central_inventory_api.TestPendingQueuesAPI" name="test_pending_queues" time="1.969" /><testcase classname="tests.test_central_inventory_api.TestTransferAPI" name="test_transfer_detail_not_found" time="0.971" /><testcase classname="tests.test_central_inventory_api.TestStatusEndpoint" name="test_create_status_check" time="0.124" /><testcase classname="tests.test_central_inventory_api.TestStatusEndpoint" name="test_get_status_checks" time="0.106" /></testsuite></testsuites>