<?xml version="1.0" encoding="utf-8"?><testsuites name="pytest tests"><testsuite name="pytest" errors="0" failures="0" skipped="0" tests="10" time="14.970" timestamp="2026-05-25T17:33:38.484598+00:00" hostname="agent-env-e54f30b8-2286-42bb-91c3-4b2fa3caafed"><testcase classname="backend.tests.test_request_stock_flow.TestRequestSources" name="test_franchise_user_sees_3_sources" time="2.781" /><testcase classname="backend.tests.test_request_stock_flow.TestRequestSources" name="test_central_user_sees_2_sources" time="3.078" /><testcase classname="backend.tests.test_request_stock_flow.TestRequestSources" name="test_sibling_central_blocked_indicator" time="0.688" /><testcase classname="backend.tests.test_request_stock_flow.TestRequestCatalog" name="test_catalog_returns_items_with_source_inventory_master_id" time="0.605" /><testcase classname="backend.tests.test_request_stock_flow.TestRequestCatalog" name="test_catalog_from_different_source" time="1.209" /><testcase classname="backend.tests.test_request_stock_flow.TestRequestSubmit" name="test_submit_request_with_valid_source_inventory_master_id" time="1.383" /><testcase classname="backend.tests.test_request_stock_flow.TestRequestSubmit" name="test_submit_request_with_wrong_source_inventory_master_id_returns_422" time="0.617" /><testcase classname="backend.tests.test_request_stock_flow.TestPendingQueues" name="test_pending_queues_shows_my_requests" time="0.782" /><testcase classname="backend.tests.test_request_stock_flow.TestLoginContext" name="test_franchise_login_returns_context" time="1.946" /><testcase classname="backend.tests.test_request_stock_flow.TestLoginContext" name="test_central_login_returns_context" time="1.699" /></testsuite></testsuites>