<?xml version="1.0" encoding="utf-8"?><testsuites name="pytest tests"><testsuite name="pytest" errors="0" failures="0" skipped="0" tests="5" time="10.735" timestamp="2026-05-26T05:18:56.634878+00:00" hostname="agent-env-ca120e5f-1c69-485a-9dd7-09bce6a2474a"><testcase classname="backend.tests.test_source_selector_flow.TestSourceOptionsAPI" name="test_source_options_returns_segments_for_own_store" time="3.134" /><testcase classname="backend.tests.test_source_selector_flow.TestSourceOptionsAPI" name="test_source_options_returns_403_for_cross_store" time="2.653" /><testcase classname="backend.tests.test_source_selector_flow.TestRequestWithSourceSelector" name="test_request_with_bucket_selector_succeeds" time="1.386" /><testcase classname="backend.tests.test_source_selector_flow.TestRequestWithSourceSelector" name="test_request_without_source_selector_fails" time="1.227" /><testcase classname="backend.tests.test_source_selector_flow.TestDirectDispatchWithSourceSelector" name="test_dispatch_with_bucket_selector_succeeds" time="2.263" /></testsuite></testsuites>